#! /usr/bin/vvp
:ivl_version "11.0 (stable)" "(v11_0)";
:ivl_delay_selection "TYPICAL";
:vpi_time_precision - 12;
:vpi_module "/usr/lib/ivl/system.vpi";
:vpi_module "/usr/lib/ivl/vhdl_sys.vpi";
:vpi_module "/usr/lib/ivl/vhdl_textio.vpi";
:vpi_module "/usr/lib/ivl/v2005_math.vpi";
:vpi_module "/usr/lib/ivl/va_math.vpi";
S_0x561fe2677240 .scope module, "cpu_tb" "cpu_tb" 2 14;
 .timescale -9 -12;
P_0x561fe2677bc0 .param/l "N" 0 2 15, +C4<00000000000000000000000000100000>;
v0x561fe26ae560_0 .net "ALUOut", 31 0, L_0x561fe26c0d20;  1 drivers
v0x561fe26ae640_0 .var "clock", 0 0;
v0x561fe26ae700_0 .var/i "i", 31 0;
v0x561fe26ae7a0_0 .var/i "j", 31 0;
v0x561fe26ae860_0 .var "op", 3 0;
v0x561fe26ae970_0 .var "raA", 4 0;
v0x561fe26aea40_0 .var "raB", 4 0;
v0x561fe26aeb10_0 .net "rdA", 31 0, L_0x561fe26af230;  1 drivers
v0x561fe26aec00_0 .net "rdB", 31 0, L_0x561fe26af550;  1 drivers
v0x561fe26aecc0_0 .var "reset", 0 0;
v0x561fe26aed60_0 .var "wa", 4 0;
v0x561fe26aee00_0 .var "wen", 0 0;
v0x561fe26aeed0_0 .net "zero", 0 0, L_0x561fe26c0f40;  1 drivers
S_0x561fe2677420 .scope module, "ALUInst" "ALU" 2 30, 3 16 0, S_0x561fe2677240;
 .timescale -9 -12;
    .port_info 0 /OUTPUT 32 "out";
    .port_info 1 /OUTPUT 1 "zero";
    .port_info 2 /INPUT 32 "inA";
    .port_info 3 /INPUT 32 "inB";
    .port_info 4 /INPUT 4 "op";
P_0x561fe2677600 .param/l "N" 0 3 16, +C4<00000000000000000000000000100000>;
L_0x561fe26af750 .functor AND 32, L_0x561fe26af230, L_0x561fe26af550, C4<11111111111111111111111111111111>, C4<11111111111111111111111111111111>;
L_0x561fe26af860 .functor OR 32, L_0x561fe26af230, L_0x561fe26af550, C4<00000000000000000000000000000000>, C4<00000000000000000000000000000000>;
L_0x561fe26afa40 .functor OR 32, L_0x561fe26af230, L_0x561fe26af550, C4<00000000000000000000000000000000>, C4<00000000000000000000000000000000>;
L_0x561fe26c0390 .functor NOT 32, L_0x561fe26afa40, C4<00000000000000000000000000000000>, C4<00000000000000000000000000000000>, C4<00000000000000000000000000000000>;
L_0x7f76a1a1b0a8 .functor BUFT 1, C4<0000>, C4<0>, C4<0>, C4<0>;
v0x561fe267dc00_0 .net/2u *"_ivl_0", 3 0, L_0x7f76a1a1b0a8;  1 drivers
v0x561fe26ab490_0 .net *"_ivl_10", 31 0, L_0x561fe26af860;  1 drivers
L_0x7f76a1a1b138 .functor BUFT 1, C4<0010>, C4<0>, C4<0>, C4<0>;
v0x561fe26ab570_0 .net/2u *"_ivl_12", 3 0, L_0x7f76a1a1b138;  1 drivers
v0x561fe26ab630_0 .net *"_ivl_14", 0 0, L_0x561fe26af900;  1 drivers
v0x561fe26ab6f0_0 .net *"_ivl_16", 31 0, L_0x561fe26af9a0;  1 drivers
L_0x7f76a1a1b180 .functor BUFT 1, C4<0110>, C4<0>, C4<0>, C4<0>;
v0x561fe26ab820_0 .net/2u *"_ivl_18", 3 0, L_0x7f76a1a1b180;  1 drivers
v0x561fe26ab900_0 .net *"_ivl_2", 0 0, L_0x561fe26af610;  1 drivers
v0x561fe26ab9c0_0 .net *"_ivl_20", 0 0, L_0x561fe26afb10;  1 drivers
v0x561fe26aba80_0 .net *"_ivl_22", 31 0, L_0x561fe26afc30;  1 drivers
L_0x7f76a1a1b1c8 .functor BUFT 1, C4<0111>, C4<0>, C4<0>, C4<0>;
v0x561fe26abb60_0 .net/2u *"_ivl_24", 3 0, L_0x7f76a1a1b1c8;  1 drivers
v0x561fe26abc40_0 .net *"_ivl_26", 0 0, L_0x561fe26afd10;  1 drivers
v0x561fe26abd00_0 .net *"_ivl_28", 0 0, L_0x561fe26afe30;  1 drivers
L_0x7f76a1a1b210 .functor BUFT 1, C4<00000000000000000000000000000001>, C4<0>, C4<0>, C4<0>;
v0x561fe26abdc0_0 .net/2u *"_ivl_30", 31 0, L_0x7f76a1a1b210;  1 drivers
L_0x7f76a1a1b258 .functor BUFT 1, C4<00000000000000000000000000000000>, C4<0>, C4<0>, C4<0>;
v0x561fe26abea0_0 .net/2u *"_ivl_32", 31 0, L_0x7f76a1a1b258;  1 drivers
v0x561fe26abf80_0 .net *"_ivl_34", 31 0, L_0x561fe26c00d0;  1 drivers
L_0x7f76a1a1b2a0 .functor BUFT 1, C4<1100>, C4<0>, C4<0>, C4<0>;
v0x561fe26ac060_0 .net/2u *"_ivl_36", 3 0, L_0x7f76a1a1b2a0;  1 drivers
v0x561fe26ac140_0 .net *"_ivl_38", 0 0, L_0x561fe26c0240;  1 drivers
v0x561fe26ac200_0 .net *"_ivl_4", 31 0, L_0x561fe26af750;  1 drivers
v0x561fe26ac2e0_0 .net *"_ivl_40", 31 0, L_0x561fe26afa40;  1 drivers
v0x561fe26ac3c0_0 .net *"_ivl_42", 31 0, L_0x561fe26c0390;  1 drivers
L_0x7f76a1a1b2e8 .functor BUFT 1, C4<xxxxxxxxxxxxxxxxxxxxxxxxxxxxxxxx>, C4<0>, C4<0>, C4<0>;
v0x561fe26ac4a0_0 .net *"_ivl_44", 31 0, L_0x7f76a1a1b2e8;  1 drivers
v0x561fe26ac580_0 .net *"_ivl_46", 31 0, L_0x561fe26c0430;  1 drivers
v0x561fe26ac660_0 .net *"_ivl_48", 31 0, L_0x561fe26c05f0;  1 drivers
v0x561fe26ac740_0 .net *"_ivl_50", 31 0, L_0x561fe26c07f0;  1 drivers
v0x561fe26ac820_0 .net *"_ivl_52", 31 0, L_0x561fe26c0980;  1 drivers
v0x561fe26ac900_0 .net *"_ivl_54", 31 0, L_0x561fe26c0b90;  1 drivers
L_0x7f76a1a1b330 .functor BUFT 1, C4<00000000000000000000000000000000>, C4<0>, C4<0>, C4<0>;
v0x561fe26ac9e0_0 .net/2u *"_ivl_58", 31 0, L_0x7f76a1a1b330;  1 drivers
L_0x7f76a1a1b0f0 .functor BUFT 1, C4<0001>, C4<0>, C4<0>, C4<0>;
v0x561fe26acac0_0 .net/2u *"_ivl_6", 3 0, L_0x7f76a1a1b0f0;  1 drivers
v0x561fe26acba0_0 .net *"_ivl_8", 0 0, L_0x561fe26af7c0;  1 drivers
v0x561fe26acc60_0 .net "inA", 31 0, L_0x561fe26af230;  alias, 1 drivers
v0x561fe26acd40_0 .net "inB", 31 0, L_0x561fe26af550;  alias, 1 drivers
v0x561fe26ace20_0 .net "op", 3 0, v0x561fe26ae860_0;  1 drivers
v0x561fe26acf00_0 .net "out", 31 0, L_0x561fe26c0d20;  alias, 1 drivers
v0x561fe26ad1f0_0 .net "zero", 0 0, L_0x561fe26c0f40;  alias, 1 drivers
L_0x561fe26af610 .cmp/eq 4, v0x561fe26ae860_0, L_0x7f76a1a1b0a8;
L_0x561fe26af7c0 .cmp/eq 4, v0x561fe26ae860_0, L_0x7f76a1a1b0f0;
L_0x561fe26af900 .cmp/eq 4, v0x561fe26ae860_0, L_0x7f76a1a1b138;
L_0x561fe26af9a0 .arith/sum 32, L_0x561fe26af230, L_0x561fe26af550;
L_0x561fe26afb10 .cmp/eq 4, v0x561fe26ae860_0, L_0x7f76a1a1b180;
L_0x561fe26afc30 .arith/sub 32, L_0x561fe26af230, L_0x561fe26af550;
L_0x561fe26afd10 .cmp/eq 4, v0x561fe26ae860_0, L_0x7f76a1a1b1c8;
L_0x561fe26afe30 .cmp/gt 32, L_0x561fe26af550, L_0x561fe26af230;
L_0x561fe26c00d0 .functor MUXZ 32, L_0x7f76a1a1b258, L_0x7f76a1a1b210, L_0x561fe26afe30, C4<>;
L_0x561fe26c0240 .cmp/eq 4, v0x561fe26ae860_0, L_0x7f76a1a1b2a0;
L_0x561fe26c0430 .functor MUXZ 32, L_0x7f76a1a1b2e8, L_0x561fe26c0390, L_0x561fe26c0240, C4<>;
L_0x561fe26c05f0 .functor MUXZ 32, L_0x561fe26c0430, L_0x561fe26c00d0, L_0x561fe26afd10, C4<>;
L_0x561fe26c07f0 .functor MUXZ 32, L_0x561fe26c05f0, L_0x561fe26afc30, L_0x561fe26afb10, C4<>;
L_0x561fe26c0980 .functor MUXZ 32, L_0x561fe26c07f0, L_0x561fe26af9a0, L_0x561fe26af900, C4<>;
L_0x561fe26c0b90 .functor MUXZ 32, L_0x561fe26c0980, L_0x561fe26af860, L_0x561fe26af7c0, C4<>;
L_0x561fe26c0d20 .functor MUXZ 32, L_0x561fe26c0b90, L_0x561fe26af750, L_0x561fe26af610, C4<>;
L_0x561fe26c0f40 .cmp/eq 32, L_0x561fe26c0d20, L_0x7f76a1a1b330;
S_0x561fe26ad350 .scope module, "regs" "RegFile" 2 27, 3 39 0, S_0x561fe2677240;
 .timescale -9 -12;
    .port_info 0 /INPUT 1 "clock";
    .port_info 1 /INPUT 1 "reset";
    .port_info 2 /INPUT 5 "raA";
    .port_info 3 /INPUT 5 "raB";
    .port_info 4 /INPUT 5 "wa";
    .port_info 5 /INPUT 1 "wen";
    .port_info 6 /INPUT 32 "wd";
    .port_info 7 /OUTPUT 32 "rdA";
    .port_info 8 /OUTPUT 32 "rdB";
L_0x561fe26af230 .functor BUFZ 32, L_0x561fe26aefa0, C4<00000000000000000000000000000000>, C4<00000000000000000000000000000000>, C4<00000000000000000000000000000000>;
L_0x561fe26af550 .functor BUFZ 32, L_0x561fe26af2f0, C4<00000000000000000000000000000000>, C4<00000000000000000000000000000000>, C4<00000000000000000000000000000000>;
v0x561fe26ad650_0 .net *"_ivl_0", 31 0, L_0x561fe26aefa0;  1 drivers
v0x561fe26ad750_0 .net *"_ivl_10", 6 0, L_0x561fe26af390;  1 drivers
L_0x7f76a1a1b060 .functor BUFT 1, C4<00>, C4<0>, C4<0>, C4<0>;
v0x561fe26ad830_0 .net *"_ivl_13", 1 0, L_0x7f76a1a1b060;  1 drivers
v0x561fe26ad8f0_0 .net *"_ivl_2", 6 0, L_0x561fe26af0a0;  1 drivers
L_0x7f76a1a1b018 .functor BUFT 1, C4<00>, C4<0>, C4<0>, C4<0>;
v0x561fe26ad9d0_0 .net *"_ivl_5", 1 0, L_0x7f76a1a1b018;  1 drivers
v0x561fe26adb00_0 .net *"_ivl_8", 31 0, L_0x561fe26af2f0;  1 drivers
v0x561fe26adbe0_0 .net "clock", 0 0, v0x561fe26ae640_0;  1 drivers
v0x561fe26adca0 .array "data", 0 31, 31 0;
v0x561fe26add60_0 .var/i "i", 31 0;
v0x561fe26ade40_0 .net "raA", 4 0, v0x561fe26ae970_0;  1 drivers
v0x561fe26adf20_0 .net "raB", 4 0, v0x561fe26aea40_0;  1 drivers
v0x561fe26ae000_0 .net "rdA", 31 0, L_0x561fe26af230;  alias, 1 drivers
v0x561fe26ae0c0_0 .net "rdB", 31 0, L_0x561fe26af550;  alias, 1 drivers
v0x561fe26ae160_0 .net "reset", 0 0, v0x561fe26aecc0_0;  1 drivers
v0x561fe26ae200_0 .net "wa", 4 0, v0x561fe26aed60_0;  1 drivers
v0x561fe26ae2e0_0 .net "wd", 31 0, L_0x561fe26c0d20;  alias, 1 drivers
v0x561fe26ae3a0_0 .net "wen", 0 0, v0x561fe26aee00_0;  1 drivers
E_0x561fe2675030 .event negedge, v0x561fe26ae160_0, v0x561fe26adbe0_0;
L_0x561fe26aefa0 .array/port v0x561fe26adca0, L_0x561fe26af0a0;
L_0x561fe26af0a0 .concat [ 5 2 0 0], v0x561fe26ae970_0, L_0x7f76a1a1b018;
L_0x561fe26af2f0 .array/port v0x561fe26adca0, L_0x561fe26af390;
L_0x561fe26af390 .concat [ 5 2 0 0], v0x561fe26aea40_0, L_0x7f76a1a1b060;
    .scope S_0x561fe26ad350;
T_0 ;
    %wait E_0x561fe2675030;
    %load/vec4 v0x561fe26ae160_0;
    %cmpi/e 0, 0, 1;
    %jmp/0xz  T_0.0, 4;
    %pushi/vec4 0, 0, 32;
    %store/vec4 v0x561fe26add60_0, 0, 32;
T_0.2 ;
    %load/vec4 v0x561fe26add60_0;
    %cmpi/s 32, 0, 32;
    %jmp/0xz T_0.3, 5;
    %pushi/vec4 0, 0, 32;
    %ix/getv/s 3, v0x561fe26add60_0;
    %ix/load 4, 0, 0; Constant delay
    %assign/vec4/a/d v0x561fe26adca0, 0, 4;
    %load/vec4 v0x561fe26add60_0;
    %addi 1, 0, 32;
    %store/vec4 v0x561fe26add60_0, 0, 32;
    %jmp T_0.2;
T_0.3 ;
    %jmp T_0.1;
T_0.0 ;
    %load/vec4 v0x561fe26ae3a0_0;
    %pushi/vec4 1, 0, 1;
    %cmp/e;
    %flag_get/vec4 4;
    %load/vec4 v0x561fe26ae200_0;
    %pushi/vec4 0, 0, 5;
    %cmp/ne;
    %flag_get/vec4 4;
    %and;
    %flag_set/vec4 8;
    %jmp/0xz  T_0.4, 8;
    %load/vec4 v0x561fe26ae2e0_0;
    %load/vec4 v0x561fe26ae200_0;
    %pad/u 7;
    %ix/vec4 3;
    %ix/load 4, 0, 0; Constant delay
    %assign/vec4/a/d v0x561fe26adca0, 0, 4;
T_0.4 ;
T_0.1 ;
    %jmp T_0;
    .thread T_0;
    .scope S_0x561fe2677240;
T_1 ;
    %vpi_call 2 34 "$dumpfile", "tb_dumpfile.vcd" {0 0 0};
    %vpi_call 2 35 "$dumpvars", 32'sb00000000000000000000000000000000, S_0x561fe2677240 {0 0 0};
    %pushi/vec4 0, 0, 32;
    %store/vec4 v0x561fe26ae7a0_0, 0, 32;
T_1.0 ;
    %load/vec4 v0x561fe26ae7a0_0;
    %cmpi/s 32, 0, 32;
    %jmp/0xz T_1.1, 5;
    %vpi_call 2 38 "$dumpvars", 32'sb00000000000000000000000000000001, &A<v0x561fe26adca0, v0x561fe26ae7a0_0 > {0 0 0};
    %load/vec4 v0x561fe26ae7a0_0;
    %addi 1, 0, 32;
    %store/vec4 v0x561fe26ae7a0_0, 0, 32;
    %jmp T_1.0;
T_1.1 ;
    %pushi/vec4 1, 0, 1;
    %store/vec4 v0x561fe26ae640_0, 0, 1;
    %pushi/vec4 0, 0, 1;
    %store/vec4 v0x561fe26aecc0_0, 0, 1;
    %delay 40000, 0;
    %pushi/vec4 1, 0, 1;
    %store/vec4 v0x561fe26aecc0_0, 0, 1;
    %pushi/vec4 0, 0, 32;
    %store/vec4 v0x561fe26ae700_0, 0, 32;
T_1.2 ;
    %load/vec4 v0x561fe26ae700_0;
    %cmpi/s 32, 0, 32;
    %jmp/0xz T_1.3, 5;
    %load/vec4 v0x561fe26ae700_0;
    %ix/getv/s 4, v0x561fe26ae700_0;
    %store/vec4a v0x561fe26adca0, 4, 0;
    %load/vec4 v0x561fe26ae700_0;
    %addi 1, 0, 32;
    %store/vec4 v0x561fe26ae700_0, 0, 32;
    %jmp T_1.2;
T_1.3 ;
    %delay 10000, 0;
    %pushi/vec4 2, 0, 4;
    %store/vec4 v0x561fe26ae860_0, 0, 4;
    %pushi/vec4 1, 0, 1;
    %store/vec4 v0x561fe26aee00_0, 0, 1;
    %pushi/vec4 0, 0, 32;
    %store/vec4 v0x561fe26ae700_0, 0, 32;
T_1.4 ;
    %load/vec4 v0x561fe26ae700_0;
    %cmpi/s 32, 0, 32;
    %jmp/0xz T_1.5, 5;
    %delay 10000, 0;
    %vpi_call 2 61 "$display", "Register %d", v0x561fe26ae700_0 {0 0 0};
    %load/vec4 v0x561fe26ae700_0;
    %pad/s 5;
    %store/vec4 v0x561fe26ae970_0, 0, 5;
    %pushi/vec4 31, 0, 32;
    %load/vec4 v0x561fe26ae700_0;
    %sub;
    %pad/s 5;
    %store/vec4 v0x561fe26aea40_0, 0, 5;
    %load/vec4 v0x561fe26ae700_0;
    %pad/s 5;
    %store/vec4 v0x561fe26aed60_0, 0, 5;
    %load/vec4 v0x561fe26ae700_0;
    %addi 1, 0, 32;
    %store/vec4 v0x561fe26ae700_0, 0, 32;
    %jmp T_1.4;
T_1.5 ;
    %pushi/vec4 0, 0, 4;
    %store/vec4 v0x561fe26ae860_0, 0, 4;
    %pushi/vec4 0, 0, 5;
    %store/vec4 v0x561fe26aed60_0, 0, 5;
    %pushi/vec4 0, 0, 32;
    %store/vec4 v0x561fe26ae700_0, 0, 32;
T_1.6 ;
    %load/vec4 v0x561fe26ae700_0;
    %cmpi/s 32, 0, 32;
    %jmp/0xz T_1.7, 5;
    %delay 10000, 0;
    %load/vec4 v0x561fe26ae700_0;
    %pad/s 5;
    %store/vec4 v0x561fe26ae970_0, 0, 5;
    %pushi/vec4 31, 0, 32;
    %load/vec4 v0x561fe26ae700_0;
    %sub;
    %pad/s 5;
    %store/vec4 v0x561fe26aea40_0, 0, 5;
    %load/vec4 v0x561fe26ae700_0;
    %pad/s 5;
    %store/vec4 v0x561fe26aed60_0, 0, 5;
    %load/vec4 v0x561fe26ae700_0;
    %addi 1, 0, 32;
    %store/vec4 v0x561fe26ae700_0, 0, 32;
    %jmp T_1.6;
T_1.7 ;
    %pushi/vec4 1, 0, 4;
    %store/vec4 v0x561fe26ae860_0, 0, 4;
    %pushi/vec4 0, 0, 5;
    %store/vec4 v0x561fe26aed60_0, 0, 5;
    %pushi/vec4 0, 0, 32;
    %store/vec4 v0x561fe26ae700_0, 0, 32;
T_1.8 ;
    %load/vec4 v0x561fe26ae700_0;
    %cmpi/s 32, 0, 32;
    %jmp/0xz T_1.9, 5;
    %delay 10000, 0;
    %load/vec4 v0x561fe26ae700_0;
    %pad/s 5;
    %store/vec4 v0x561fe26ae970_0, 0, 5;
    %pushi/vec4 31, 0, 32;
    %load/vec4 v0x561fe26ae700_0;
    %sub;
    %pad/s 5;
    %store/vec4 v0x561fe26aea40_0, 0, 5;
    %load/vec4 v0x561fe26ae700_0;
    %pad/s 5;
    %store/vec4 v0x561fe26aed60_0, 0, 5;
    %load/vec4 v0x561fe26ae700_0;
    %addi 1, 0, 32;
    %store/vec4 v0x561fe26ae700_0, 0, 32;
    %jmp T_1.8;
T_1.9 ;
    %pushi/vec4 6, 0, 4;
    %store/vec4 v0x561fe26ae860_0, 0, 4;
    %pushi/vec4 0, 0, 5;
    %store/vec4 v0x561fe26aed60_0, 0, 5;
    %pushi/vec4 0, 0, 32;
    %store/vec4 v0x561fe26ae700_0, 0, 32;
T_1.10 ;
    %load/vec4 v0x561fe26ae700_0;
    %cmpi/s 32, 0, 32;
    %jmp/0xz T_1.11, 5;
    %delay 10000, 0;
    %load/vec4 v0x561fe26ae700_0;
    %pad/s 5;
    %store/vec4 v0x561fe26ae970_0, 0, 5;
    %pushi/vec4 31, 0, 32;
    %load/vec4 v0x561fe26ae700_0;
    %sub;
    %pad/s 5;
    %store/vec4 v0x561fe26aea40_0, 0, 5;
    %load/vec4 v0x561fe26ae700_0;
    %pad/s 5;
    %store/vec4 v0x561fe26aed60_0, 0, 5;
    %load/vec4 v0x561fe26ae700_0;
    %addi 1, 0, 32;
    %store/vec4 v0x561fe26ae700_0, 0, 32;
    %jmp T_1.10;
T_1.11 ;
    %pushi/vec4 7, 0, 4;
    %store/vec4 v0x561fe26ae860_0, 0, 4;
    %pushi/vec4 0, 0, 5;
    %store/vec4 v0x561fe26aed60_0, 0, 5;
    %pushi/vec4 0, 0, 32;
    %store/vec4 v0x561fe26ae700_0, 0, 32;
T_1.12 ;
    %load/vec4 v0x561fe26ae700_0;
    %cmpi/s 32, 0, 32;
    %jmp/0xz T_1.13, 5;
    %delay 10000, 0;
    %load/vec4 v0x561fe26ae700_0;
    %pad/s 5;
    %store/vec4 v0x561fe26ae970_0, 0, 5;
    %pushi/vec4 31, 0, 32;
    %load/vec4 v0x561fe26ae700_0;
    %sub;
    %pad/s 5;
    %store/vec4 v0x561fe26aea40_0, 0, 5;
    %load/vec4 v0x561fe26ae700_0;
    %pad/s 5;
    %store/vec4 v0x561fe26aed60_0, 0, 5;
    %load/vec4 v0x561fe26ae700_0;
    %addi 1, 0, 32;
    %store/vec4 v0x561fe26ae700_0, 0, 32;
    %jmp T_1.12;
T_1.13 ;
    %pushi/vec4 12, 0, 4;
    %store/vec4 v0x561fe26ae860_0, 0, 4;
    %pushi/vec4 0, 0, 5;
    %store/vec4 v0x561fe26aed60_0, 0, 5;
    %pushi/vec4 0, 0, 32;
    %store/vec4 v0x561fe26ae700_0, 0, 32;
T_1.14 ;
    %load/vec4 v0x561fe26ae700_0;
    %cmpi/s 32, 0, 32;
    %jmp/0xz T_1.15, 5;
    %delay 10000, 0;
    %load/vec4 v0x561fe26ae700_0;
    %pad/s 5;
    %store/vec4 v0x561fe26ae970_0, 0, 5;
    %pushi/vec4 31, 0, 32;
    %load/vec4 v0x561fe26ae700_0;
    %sub;
    %pad/s 5;
    %store/vec4 v0x561fe26aea40_0, 0, 5;
    %load/vec4 v0x561fe26ae700_0;
    %pad/s 5;
    %store/vec4 v0x561fe26aed60_0, 0, 5;
    %load/vec4 v0x561fe26ae700_0;
    %addi 1, 0, 32;
    %store/vec4 v0x561fe26ae700_0, 0, 32;
    %jmp T_1.14;
T_1.15 ;
    %delay 20000, 0;
    %vpi_call 2 115 "$finish" {0 0 0};
    %end;
    .thread T_1;
    .scope S_0x561fe2677240;
T_2 ;
    %delay 5000, 0;
    %load/vec4 v0x561fe26ae640_0;
    %inv;
    %store/vec4 v0x561fe26ae640_0, 0, 1;
    %jmp T_2;
    .thread T_2;
# The file index is used to find the file name in the following table.
:file_names 4;
    "N/A";
    "<interactive>";
    "testbench.v";
    "library.v";
